<?xml version="1.0" encoding="UTF-8"?>
<!-- Generated by org.testng.reporters.JUnitXMLReporter -->
<testsuite ignored="0" hostname="MKOKANE10A" failures="0" tests="10" name="Test" time="239.934" errors="0" timestamp="2024-07-08T11:46:36 IST">
  <testcase classname="com.prjct.qa.testcases.LoginpageTest" name="crmlogotest" time="0.079"/>
  <testcase classname="com.prjct.qa.testcases.LoginpageTest" name="loginTest" time="0.351"/>
  <testcase classname="com.prjct.qa.testcases.LoginpageTest" name="loginpagetitletest" time="0.009"/>
  <testcase classname="com.prjct.qa.testcases.HomepageTest" name="clickVerifyFavoritesPageTitile" time="16.523"/>
  <testcase classname="com.prjct.qa.testcases.HomepageTest" name="verifyInboundPageTitle" time="18.286"/>
  <testcase classname="com.prjct.qa.testcases.HomepageTest" name="verifyInventoryMaintainancePageTitle" time="18.36"/>
  <testcase classname="com.prjct.qa.testcases.HomepageTest" name="verifyOutboundPageTitle" time="12.703"/>
  <testcase classname="com.prjct.qa.testcases.HomepageTest" name="verifySelfserviceReportingPageTitle" time="12.519"/>
  <testcase classname="com.prjct.qa.testcases.HomepageTest" name="verifyUsersandGroupsPageTitle" time="12.52"/>
  <testcase classname="com.prjct.qa.testcases.HomepageTest" name="verifyUtilitiesPageTitle" time="21.403"/>
</testsuite> <!-- Test -->
