<?xml version="1.0" encoding="UTF-8"?>
<!-- Generated by org.testng.reporters.JUnitXMLReporter -->
<testsuite ignored="0" hostname="MKOKANE10A" failures="0" tests="10" name="Test" time="112.548" errors="0" timestamp="2024-07-11T11:18:14 IST">
  <testcase classname="com.prjct.qa.testcases.LoginpageTest" name="crmlogotest" time="0.04"/>
  <testcase classname="com.prjct.qa.testcases.LoginpageTest" name="loginTest" time="0.359"/>
  <testcase classname="com.prjct.qa.testcases.LoginpageTest" name="loginpagetitletest" time="0.006"/>
  <testcase classname="com.prjct.qa.testcases.HomepageTest" name="clickVerifyFavoritesPageTitile" time="8.226"/>
  <testcase classname="com.prjct.qa.testcases.HomepageTest" name="verifyInboundPageTitle" time="8.2"/>
  <testcase classname="com.prjct.qa.testcases.HomepageTest" name="verifyInventoryMaintainancePageTitle" time="7.622"/>
  <testcase classname="com.prjct.qa.testcases.HomepageTest" name="verifyOutboundPageTitle" time="8.505"/>
  <testcase classname="com.prjct.qa.testcases.HomepageTest" name="verifySelfserviceReportingPageTitle" time="10.408"/>
  <testcase classname="com.prjct.qa.testcases.HomepageTest" name="verifyUsersandGroupsPageTitle" time="9.11"/>
  <testcase classname="com.prjct.qa.testcases.HomepageTest" name="verifyUtilitiesPageTitle" time="8.962"/>
</testsuite> <!-- Test -->
