<?xml version="1.0" encoding="UTF-8"?>
<testng-results ignored="0" total="1" passed="0" failed="1" skipped="0">
  <reporter-output>
  </reporter-output>
  <suite started-at="2024-07-11T11:14:06 IST" name="Default suite" finished-at="2024-07-11T11:14:12 IST" duration-ms="5892">
    <groups>
    </groups>
    <test started-at="2024-07-11T11:14:06 IST" name="Default test" finished-at="2024-07-11T11:14:12 IST" duration-ms="5892">
      <class name="com.prjct.qa.testcases.OutboundpageTest">
        <test-method is-config="true" signature="setup()[pri:0, instance:com.prjct.qa.testcases.OutboundpageTest@73a1e9a9]" started-at="2024-07-11T11:14:06 IST" name="setup" finished-at="2024-07-11T11:14:11 IST" duration-ms="5590" status="PASS">
          <reporter-output>
          </reporter-output>
        </test-method> <!-- setup -->
        <test-method signature="click_View_All_Pick_Orders()[pri:0, instance:com.prjct.qa.testcases.OutboundpageTest@73a1e9a9]" started-at="2024-07-11T11:14:11 IST" name="click_View_All_Pick_Orders" finished-at="2024-07-11T11:14:11 IST" duration-ms="46" status="FAIL">
          <exception class="java.lang.NullPointerException">
            <message>
              <![CDATA[Cannot invoke "com.prjct.qa.pages.Outboundpage.verify_View_All_Pick_Orders_Utility()" because "this.outboundpage" is null]]>
            </message>
            <full-stacktrace>
              <![CDATA[java.lang.NullPointerException: Cannot invoke "com.prjct.qa.pages.Outboundpage.verify_View_All_Pick_Orders_Utility()" because "this.outboundpage" is null
at com.prjct.qa.testcases.OutboundpageTest.click_View_All_Pick_Orders(OutboundpageTest.java:36)
at java.base/jdk.internal.reflect.DirectMethodHandleAccessor.invoke(DirectMethodHandleAccessor.java:103)
at java.base/java.lang.reflect.Method.invoke(Method.java:580)
at org.testng.internal.invokers.MethodInvocationHelper.invokeMethod(MethodInvocationHelper.java:141)
at org.testng.internal.invokers.TestInvoker.invokeMethod(TestInvoker.java:686)
at org.testng.internal.invokers.TestInvoker.invokeTestMethod(TestInvoker.java:230)
at org.testng.internal.invokers.MethodRunner.runInSequence(MethodRunner.java:63)
at org.testng.internal.invokers.TestInvoker$MethodInvocationAgent.invoke(TestInvoker.java:992)
at org.testng.internal.invokers.TestInvoker.invokeTestMethods(TestInvoker.java:203)
at org.testng.internal.invokers.TestMethodWorker.invokeTestMethods(TestMethodWorker.java:154)
at org.testng.internal.invokers.TestMethodWorker.run(TestMethodWorker.java:134)
at java.base/java.util.ArrayList.forEach(ArrayList.java:1596)
at org.testng.TestRunner.privateRun(TestRunner.java:739)
at org.testng.TestRunner.run(TestRunner.java:614)
at org.testng.SuiteRunner.runTest(SuiteRunner.java:421)
at org.testng.SuiteRunner.runSequentially(SuiteRunner.java:413)
at org.testng.SuiteRunner.privateRun(SuiteRunner.java:373)
at org.testng.SuiteRunner.run(SuiteRunner.java:312)
at org.testng.SuiteRunnerWorker.runSuite(SuiteRunnerWorker.java:52)
at org.testng.SuiteRunnerWorker.run(SuiteRunnerWorker.java:95)
at org.testng.TestNG.runSuitesSequentially(TestNG.java:1274)
at org.testng.TestNG.runSuitesLocally(TestNG.java:1208)
at org.testng.TestNG.runSuites(TestNG.java:1112)
at org.testng.TestNG.run(TestNG.java:1079)
at org.testng.remote.AbstractRemoteTestNG.run(AbstractRemoteTestNG.java:115)
at org.testng.remote.RemoteTestNG.initAndRun(RemoteTestNG.java:293)
at org.testng.remote.RemoteTestNG.main(RemoteTestNG.java:91)
]]>
            </full-stacktrace>
          </exception> <!-- java.lang.NullPointerException -->
          <reporter-output>
          </reporter-output>
        </test-method> <!-- click_View_All_Pick_Orders -->
        <test-method is-config="true" signature="teardown()[pri:0, instance:com.prjct.qa.testcases.OutboundpageTest@73a1e9a9]" started-at="2024-07-11T11:14:11 IST" name="teardown" finished-at="2024-07-11T11:14:12 IST" duration-ms="211" status="PASS">
          <reporter-output>
          </reporter-output>
        </test-method> <!-- teardown -->
      </class> <!-- com.prjct.qa.testcases.OutboundpageTest -->
    </test> <!-- Default test -->
  </suite> <!-- Default suite -->
</testng-results>
